2023-05-22 06:09:59,799 - src.App - INFO - App has been initialized. 
2023-05-22 06:09:59,799 - src.App - INFO - App has been initialized. 
2023-05-22 06:10:02,913 - src.App - INFO - App has been initialized. 
2023-05-22 06:10:34,936 - src.App - INFO - Request received for parameters: Source = Integrative Learning Center, North Pleasant Street, Amherst, MA, USA, Destination = Sugarloaf Estates, River Road, Sunderland, MA, USA, Max percent : 100, min_max_elevation_gain : max
2023-05-22 06:11:41,642 - src.App - INFO - App has been initialized. 
2023-05-22 06:11:44,461 - src.App - INFO - Request received for parameters: Source = Integrative Learning Center, North Pleasant Street, Amherst, MA, USA, Destination = Sugarloaf Estates, River Road, Sunderland, MA, USA, Max percent : 100, min_max_elevation_gain : max
2023-05-22 06:12:26,415 - src.App - INFO - Request received for parameters: Source = Integrative Learning Center, North Pleasant Street, Amherst, MA, USA, Destination = Sugarloaf Estates, River Road, Sunderland, MA, USA, Max percent : 100, min_max_elevation_gain : max
2023-05-22 06:17:20,183 - src.App - INFO - App has been initialized. 
2023-05-22 06:17:20,183 - src.App - INFO - App has been initialized. 
2023-05-22 06:19:06,651 - src.App - INFO - App has been initialized. 
2023-05-22 06:19:06,659 - src.App - INFO - App has been initialized. 
2023-05-22 06:19:23,652 - src.App - INFO - Request received for parameters: Source = Integrative Learning Center, North Pleasant Street, Amherst, MA, USA, Destination = Sugarloaf Estates, River Road, Sunderland, MA, USA, Max percent : 100, min_max_elevation_gain : max
2023-05-22 06:19:25,811 - src.App - INFO - Path coordinates : [], len(path coordinates) : 0
2023-05-22 06:19:30,575 - src.App - INFO - Request received for parameters: Source = Integrative Learning Center, North Pleasant Street, Amherst, MA, USA, Destination = Sugarloaf Estates, River Road, Sunderland, MA, USA, Max percent : 145, min_max_elevation_gain : max
2023-05-22 06:19:32,629 - src.App - INFO - Path coordinates : [], len(path coordinates) : 0
2023-05-22 06:19:53,204 - src.App - INFO - App has been initialized. 
2023-05-22 09:56:40,779 - src.App - INFO - App has been initialized. 
2023-05-22 09:57:00,399 - src.App - INFO - Request received for parameters: Source = Integrative Learning Center, North Pleasant Street, Amherst, MA, USA, Destination = Boston, MA, USA, Max percent : 100, min_max_elevation_gain : max
2023-05-22 09:57:02,904 - src.App - INFO - Path coordinates : [], len(path coordinates) : 0
2023-05-22 09:57:11,396 - src.App - INFO - Request received for parameters: Source = Integrative Learning Center, North Pleasant Street, Amherst, MA, USA, Destination = Boston, MA, USA, Max percent : 100, min_max_elevation_gain : min
2023-05-22 09:57:13,731 - src.App - INFO - Path coordinates : [], len(path coordinates) : 0
2023-05-22 09:57:28,231 - src.App - INFO - Request received for parameters: Source = Integrative Learning Center, North Pleasant Street, Amherst, MA, USA, Destination = Boston, MA, USA, Max percent : 100, min_max_elevation_gain : min
2023-05-22 09:57:30,722 - src.App - INFO - Path coordinates : [], len(path coordinates) : 0
2023-05-22 09:57:30,722 - src.App - INFO - Request received for parameters: Source = Integrative Learning Center, North Pleasant Street, Amherst, MA, USA, Destination = Boston, MA, USA, Max percent : 100, min_max_elevation_gain : min
2023-05-22 09:57:33,061 - src.App - INFO - Path coordinates : [], len(path coordinates) : 0
2023-05-22 09:57:33,602 - src.App - INFO - Request received for parameters: Source = Integrative Learning Center, North Pleasant Street, Amherst, MA, USA, Destination = Boston, MA, USA, Max percent : 130, min_max_elevation_gain : min
2023-05-22 09:57:37,258 - src.App - INFO - Path coordinates : [], len(path coordinates) : 0
2023-05-22 09:57:37,266 - src.App - INFO - Request received for parameters: Source = Integrative Learning Center, North Pleasant Street, Amherst, MA, USA, Destination = Boston, MA, USA, Max percent : 130, min_max_elevation_gain : min
2023-05-22 09:57:40,828 - src.App - INFO - Path coordinates : [], len(path coordinates) : 0
2023-05-22 09:57:40,828 - src.App - INFO - Request received for parameters: Source = Integrative Learning Center, North Pleasant Street, Amherst, MA, USA, Destination = Boston, MA, USA, Max percent : 130, min_max_elevation_gain : min
2023-05-22 09:57:44,477 - src.App - INFO - Path coordinates : [], len(path coordinates) : 0
2023-05-22 09:59:10,379 - src.App - INFO - Request received for parameters: Source = Integrative Learning Center, North Pleasant Street, Amherst, MA, USA, Destination = Worcester, MA, USA, Max percent : 145, min_max_elevation_gain : max
2023-05-22 09:59:13,656 - src.App - INFO - Path coordinates : [], len(path coordinates) : 0
2023-05-22 10:29:07,307 - src.App - INFO - App has been initialized. 
2023-05-22 10:33:08,617 - src.App - INFO - App has been initialized. 
2023-05-22 10:33:24,267 - src.App - INFO - Request received for parameters: Source = Integrative Learning Center, North Pleasant Street, Amherst, MA, USA, Destination = Boulders Drive, Amherst, MA, USA, Max percent : 100, min_max_elevation_gain : max
2023-05-22 10:33:26,737 - src.App - INFO - Path coordinates : [], len(path coordinates) : 0
2023-05-22 10:35:44,063 - src.App - INFO - App has been initialized. 
2023-05-22 10:35:53,686 - src.App - INFO - Request received for parameters: Source = Integrative Learning Center, North Pleasant Street, Amherst, MA, USA, Destination = Boulders Drive, Amherst, MA, USA, Max percent : 100, min_max_elevation_gain : max
2023-05-22 10:35:56,069 - src.App - INFO - Path coordinates : [], len(path coordinates) : 0
2023-05-22 10:39:54,574 - src.App - INFO - App has been initialized. 
2023-05-22 10:40:01,531 - src.App - INFO - Request received for parameters: Source = Integrative Learning Center, North Pleasant Street, Amherst, MA, USA, Destination = Salem, MA, USA, Max percent : 100, min_max_elevation_gain : max
2023-05-22 10:40:03,824 - src.App - INFO - Path coordinates : [], len(path coordinates) : 0
2023-05-22 10:43:30,863 - src.App - INFO - App has been initialized. 
2023-05-22 10:43:37,023 - src.App - INFO - Request received for parameters: Source = Integrative Learning Center, North Pleasant Street, Amherst, MA, USA, Destination = Salem, MA, USA, Max percent : 100, min_max_elevation_gain : max
2023-05-22 10:43:39,754 - src.App - INFO - Path coordinates : [], len(path coordinates) : 0
2023-05-22 11:18:34,374 - src.App - INFO - App has been initialized. 
2023-05-22 11:18:43,081 - src.App - INFO - Request received for parameters: Source = Integrative Learning Center, North Pleasant Street, Amherst, MA, USA, Destination = Salem, MA, USA, Max percent : 100, min_max_elevation_gain : max
2023-05-22 11:18:45,871 - src.App - INFO - Path coordinates : [], len(path coordinates) : 0
2023-05-22 11:18:46,287 - src.App - INFO - Request received for parameters: Source = Integrative Learning Center, North Pleasant Street, Amherst, MA, USA, Destination = Salem, MA, USA, Max percent : 100, min_max_elevation_gain : max
2023-05-22 11:18:49,130 - src.App - INFO - Path coordinates : [], len(path coordinates) : 0
2023-05-22 11:18:53,468 - src.App - INFO - Request received for parameters: Source = Integrative Learning Center, North Pleasant Street, Amherst, MA, USA, Destination = Salem, NY, USA, Max percent : 100, min_max_elevation_gain : max
2023-05-22 11:18:56,149 - src.App - INFO - Path coordinates : [], len(path coordinates) : 0
2023-05-22 11:27:34,550 - src.App - INFO - App has been initialized. 
2023-05-22 11:27:42,085 - src.App - INFO - Request received for parameters: Source = Integrative Learning Center, North Pleasant Street, Amherst, MA, USA, Destination = Salem, NY, USA, Max percent : 100, min_max_elevation_gain : max
2023-05-22 11:27:44,733 - src.App - INFO - Path coordinates : [], len(path coordinates) : 0
2023-05-22 12:06:48,057 - src.App - INFO - App has been initialized. 
2023-05-22 12:06:58,411 - src.App - INFO - App has been initialized. 
2023-05-22 12:07:16,481 - src.App - INFO - Request received for parameters: Source = Integrative Learning Center, North Pleasant Street, Amherst, MA, USA, Destination = Boulders Drive, Amherst, MA, USA, Max percent : 100, min_max_elevation_gain : max
2023-05-22 12:07:19,161 - src.App - INFO - Path coordinates : [], len(path coordinates) : 0
2023-05-22 12:07:19,161 - src.App - INFO - Request received for parameters: Source = Integrative Learning Center, North Pleasant Street, Amherst, MA, USA, Destination = Boulders Drive, Amherst, MA, USA, Max percent : 100, min_max_elevation_gain : max
2023-05-22 12:07:21,744 - src.App - INFO - Path coordinates : [], len(path coordinates) : 0
2023-05-22 12:07:21,760 - src.App - INFO - Request received for parameters: Source = Integrative Learning Center, North Pleasant Street, Amherst, MA, USA, Destination = Boulders Drive, Amherst, MA, USA, Max percent : 100, min_max_elevation_gain : max
2023-05-22 12:07:24,392 - src.App - INFO - Path coordinates : [], len(path coordinates) : 0
2023-05-22 12:07:24,392 - src.App - INFO - Request received for parameters: Source = Integrative Learning Center, North Pleasant Street, Amherst, MA, USA, Destination = Boulders Drive, Amherst, MA, USA, Max percent : 100, min_max_elevation_gain : max
2023-05-22 12:07:27,221 - src.App - INFO - Path coordinates : [], len(path coordinates) : 0
2023-05-22 12:07:27,221 - src.App - INFO - Request received for parameters: Source = Integrative Learning Center, North Pleasant Street, Amherst, MA, USA, Destination = Boulders Drive, Amherst, MA, USA, Max percent : 100, min_max_elevation_gain : max
2023-05-22 12:07:29,795 - src.App - INFO - Path coordinates : [], len(path coordinates) : 0
2023-05-22 12:07:29,795 - src.App - INFO - Request received for parameters: Source = Integrative Learning Center, North Pleasant Street, Amherst, MA, USA, Destination = Boulders Drive, Amherst, MA, USA, Max percent : 100, min_max_elevation_gain : max
2023-05-22 12:07:32,385 - src.App - INFO - Path coordinates : [], len(path coordinates) : 0
2023-05-22 12:07:32,385 - src.App - INFO - Request received for parameters: Source = Integrative Learning Center, North Pleasant Street, Amherst, MA, USA, Destination = Boulders Drive, Amherst, MA, USA, Max percent : 100, min_max_elevation_gain : max
2023-05-22 12:07:34,748 - src.App - INFO - Path coordinates : [], len(path coordinates) : 0
2023-05-22 12:07:34,748 - src.App - INFO - Request received for parameters: Source = Integrative Learning Center, North Pleasant Street, Amherst, MA, USA, Destination = Boulders Drive, Amherst, MA, USA, Max percent : 100, min_max_elevation_gain : max
2023-05-22 12:07:37,274 - src.App - INFO - Path coordinates : [], len(path coordinates) : 0
2023-05-22 12:07:37,274 - src.App - INFO - Request received for parameters: Source = Integrative Learning Center, North Pleasant Street, Amherst, MA, USA, Destination = Boulders Drive, Amherst, MA, USA, Max percent : 100, min_max_elevation_gain : max
2023-05-22 12:07:39,835 - src.App - INFO - Path coordinates : [], len(path coordinates) : 0
2023-05-22 12:07:46,230 - src.App - INFO - Request received for parameters: Source = Integrative Learning Center, North Pleasant Street, Amherst, MA, USA, Destination = Sugarloaf Mountain, Deerfield, MA, USA, Max percent : 100, min_max_elevation_gain : min
2023-05-22 12:07:48,602 - src.App - INFO - Path coordinates : [], len(path coordinates) : 0
2023-05-22 12:08:09,807 - src.App - INFO - Request received for parameters: Source = Integrative Learning Center, North Pleasant Street, Amherst, MA, USA, Destination = Sugarloaf Mountain, Deerfield, MA, USA, Max percent : 100, min_max_elevation_gain : min
2023-05-22 12:08:12,261 - src.App - INFO - Path coordinates : [], len(path coordinates) : 0
2023-05-22 12:09:05,466 - src.App - INFO - App has been initialized. 
2023-05-22 12:11:18,290 - src.App - INFO - App has been initialized. 
2023-05-22 12:11:54,605 - src.App - INFO - App has been initialized. 
2023-05-22 12:22:34,888 - src.App - INFO - App has been initialized. 
2023-05-22 12:22:52,571 - src.App - INFO - Request received for parameters: Source = Integrative Learning Center, North Pleasant Street, Amherst, MA, USA, Destination = Sunderland, MA, USA, Max percent : 100, min_max_elevation_gain : min
2023-05-22 12:22:54,932 - src.App - INFO - Path coordinates : [], len(path coordinates) : 0
2023-05-22 12:25:05,707 - src.App - INFO - App has been initialized. 
2023-05-22 12:26:13,263 - src.App - INFO - App has been initialized. 
2023-05-22 12:29:00,521 - src.App - INFO - App has been initialized. 
2023-05-22 12:30:55,102 - src.App - INFO - App has been initialized. 
2023-05-22 12:31:16,486 - src.App - INFO - Request received for parameters: Source = Integrative Learning Center, North Pleasant Street, Amherst, MA, USA, Destination = Sunderland, MA, USA, Max percent : 100, min_max_elevation_gain : max
2023-05-22 12:31:18,527 - src.App - INFO - Path coordinates : [], len(path coordinates) : 0
2023-05-22 12:32:30,215 - src.App - INFO - App has been initialized. 
2023-05-22 12:32:44,674 - src.App - INFO - Request received for parameters: Source = Integrative Learning Center, North Pleasant Street, Amherst, MA, USA, Destination = Sunderland, MA, USA, Max percent : 130, min_max_elevation_gain : max
2023-05-22 12:32:47,088 - src.App - INFO - Path coordinates : [], len(path coordinates) : 0
2023-05-22 15:34:23,321 - src.App - INFO - App has been initialized. 
2023-05-22 15:35:09,630 - src.App - INFO - Request received for parameters: Source = Integrative Learning Center, North Pleasant Street, Amherst, MA, USA, Destination = Sugarloaf Mountain, Deerfield, MA, USA, Max percent : 145, min_max_elevation_gain : max
2023-05-22 15:35:11,544 - src.App - INFO - Path coordinates : [], len(path coordinates) : 0
2023-05-22 15:36:22,337 - src.App - INFO - Request received for parameters: Source = Integrative Learning Center, North Pleasant Street, Amherst, MA, USA, Destination = Sugarloaf Mountain, Deerfield, MA, USA, Max percent : 100, min_max_elevation_gain : max
2023-05-22 15:36:23,884 - src.App - INFO - Path coordinates : [], len(path coordinates) : 0
2023-05-22 15:36:34,402 - src.App - INFO - Request received for parameters: Source = Integrative Learning Center, North Pleasant Street, Amherst, MA, USA, Destination = Sugarloaf Mountain, Deerfield, MA, USA, Max percent : 130, min_max_elevation_gain : max
2023-05-22 15:36:36,102 - src.App - INFO - Path coordinates : [], len(path coordinates) : 0
